Using pre-set license
Built from '2022.2/release' branch; Version is '2022.2.1f1 (4fead5835099) revision 5237461'; Using compiler version '192829333'; Build Type 'Release'
OS: 'Windows 10  (10.0.19045) 64bit Professional' Language: 'ru' Physical Memory: 16343 MB
BatchMode: 1, IsHumanControllingUs: 0, StartBugReporterOnCrash: 0, Is64bit: 1, IsPro: 1

COMMAND LINE ARGUMENTS:
C:\Program Files\Unity 2022.2.1f1\Editor\Unity.exe
-adb2
-batchMode
-noUpm
-name
AssetImportWorker0
-projectPath
D:/unity-Dragon_Picker/DragonPicker
-logFile
Logs/AssetImportWorker0.log
-srvPort
59901
Successfully changed project path to: D:/unity-Dragon_Picker/DragonPicker
D:/unity-Dragon_Picker/DragonPicker
[UnityMemory] Configuration Parameters - Can be set up in boot.config
    "memorysetup-bucket-allocator-granularity=16"
    "memorysetup-bucket-allocator-bucket-count=8"
    "memorysetup-bucket-allocator-block-size=33554432"
    "memorysetup-bucket-allocator-block-count=8"
    "memorysetup-main-allocator-block-size=16777216"
    "memorysetup-thread-allocator-block-size=16777216"
    "memorysetup-gfx-main-allocator-block-size=16777216"
    "memorysetup-gfx-thread-allocator-block-size=16777216"
    "memorysetup-cache-allocator-block-size=4194304"
    "memorysetup-typetree-allocator-block-size=2097152"
    "memorysetup-profiler-bucket-allocator-granularity=16"
    "memorysetup-profiler-bucket-allocator-bucket-count=8"
    "memorysetup-profiler-bucket-allocator-block-size=33554432"
    "memorysetup-profiler-bucket-allocator-block-count=8"
    "memorysetup-profiler-allocator-block-size=16777216"
    "memorysetup-profiler-editor-allocator-block-size=1048576"
    "memorysetup-temp-allocator-size-main=16777216"
    "memorysetup-job-temp-allocator-block-size=2097152"
    "memorysetup-job-temp-allocator-block-size-background=1048576"
    "memorysetup-job-temp-allocator-reduction-small-platforms=262144"
    "memorysetup-temp-allocator-size-background-worker=32768"
    "memorysetup-temp-allocator-size-job-worker=262144"
    "memorysetup-temp-allocator-size-preload-manager=33554432"
    "memorysetup-temp-allocator-size-nav-mesh-worker=65536"
    "memorysetup-temp-allocator-size-audio-worker=65536"
    "memorysetup-temp-allocator-size-cloud-worker=32768"
    "memorysetup-temp-allocator-size-gi-baking-worker=262144"
    "memorysetup-temp-allocator-size-gfx=262144"
Player connection [1112] Host "[IP] 192.168.1.101 [Port] 0 [Flags] 2 [Guid] 825873229 [EditorId] 825873229 [Version] 1048832 [Id] WindowsEditor(7,DESKTOP-LP8OA7Q) [Debug] 1 [PackageName] WindowsEditor [ProjectName] Editor" joined multi-casting on [225.0.0.222:54997]...

Player connection [1112] Host "[IP] 192.168.1.101 [Port] 0 [Flags] 2 [Guid] 825873229 [EditorId] 825873229 [Version] 1048832 [Id] WindowsEditor(7,DESKTOP-LP8OA7Q) [Debug] 1 [PackageName] WindowsEditor [ProjectName] Editor" joined alternative multi-casting on [225.0.0.222:34997]...

Refreshing native plugins compatible for Editor in 21.36 ms, found 3 plugins.
Preloading 0 native plugins for Editor in 0.00 ms.
Initialize engine version: 2022.2.1f1 (4fead5835099)
[Subsystems] Discovering subsystems at path C:/Program Files/Unity 2022.2.1f1/Editor/Data/Resources/UnitySubsystems
[Subsystems] Discovering subsystems at path D:/unity-Dragon_Picker/DragonPicker/Assets
GfxDevice: creating device client; threaded=0; jobified=0
Direct3D:
    Version:  Direct3D 11.0 [level 11.0]
    Renderer: NVIDIA GeForce GTX 650 Ti (ID=0x11c6)
    Vendor:   NVIDIA
    VRAM:     2007 MB
    Driver:   30.0.14.7381
Shader 'Custom/AdditiveTintable': fallback shader 'Particles/Additive (Soft)' not found
Initialize mono
Mono path[0] = 'C:/Program Files/Unity 2022.2.1f1/Editor/Data/Managed'
Mono path[1] = 'C:/Program Files/Unity 2022.2.1f1/Editor/Data/MonoBleedingEdge/lib/mono/unityjit-win32'
Mono config path = 'C:/Program Files/Unity 2022.2.1f1/Editor/Data/MonoBleedingEdge/etc'
Using monoOptions --debugger-agent=transport=dt_socket,embedding=1,server=y,suspend=n,address=127.0.0.1:56912
Begin MonoManager ReloadAssembly
Registering precompiled unity dll's ...
Register platform support module: C:/Program Files/Unity 2022.2.1f1/Editor/Data/PlaybackEngines/WindowsStandaloneSupport/UnityEditor.WindowsStandalone.Extensions.dll
Registered in 0.018945 seconds.
- Loaded All Assemblies, in  1.123 seconds
Native extension for WindowsStandalone target not found
Mono: successfully reloaded assembly
- Finished resetting the current domain, in  1.071 seconds
Domain Reload Profiling:
	ReloadAssembly (601ms)
		BeginReloadAssembly (248ms)
			ExecutionOrderSort (0ms)
			DisableScriptedObjects (0ms)
			BackupInstance (0ms)
			ReleaseScriptingObjects (0ms)
			CreateAndSetChildDomain (2ms)
		LoadAllAssembliesAndSetupDomain (0ms)
			LoadAssemblies (242ms)
			RebuildTransferFunctionScriptingTraits (0ms)
			SetupTypeCache (501ms)
				TypeCache.Initialize (499ms)
					TypeCache.ScanAssembly (495ms)
				ResolveRequiredComponents (1ms)
		FinalizeReload (0ms)
			ReleaseScriptCaches (0ms)
			RebuildScriptCaches (0ms)
			SetupLoadedEditorAssemblies (882ms)
				LogAssemblyErrors (0ms)
				InitializePlatformSupportModulesInManaged (24ms)
				SetLoadedEditorAssemblies (20ms)
				RefreshPlugins (0ms)
				BeforeProcessingInitializeOnLoad (2ms)
				ProcessInitializeOnLoadAttributes (703ms)
				ProcessInitializeOnLoadMethodAttributes (133ms)
				AfterProcessingInitializeOnLoad (0ms)
				EditorAssembliesLoaded (0ms)
			ExecutionOrderSort2 (0ms)
			AwakeInstancesAfterBackupRestoration (0ms)
========================================================================
Worker process is ready to serve import requests
Begin MonoManager ReloadAssembly
Symbol file LoadedFromMemory doesn't match image D:\unity-Dragon_Picker\DragonPicker\Library\PackageCache\com.unity.visualscripting@1.7.8\Editor\VisualScripting.Core\Dependencies\YamlDotNet\Unity.VisualScripting.YamlDotNet.dll
Symbol file LoadedFromMemory doesn't match image D:\unity-Dragon_Picker\DragonPicker\Library\PackageCache\com.unity.visualscripting@1.7.8\Editor\VisualScripting.Core\Dependencies\DotNetZip\Unity.VisualScripting.IonicZip.dll
- Loaded All Assemblies, in  3.514 seconds
Refreshing native plugins compatible for Editor in 8.55 ms, found 3 plugins.
Native extension for WindowsStandalone target not found
Mono: successfully reloaded assembly
- Finished resetting the current domain, in  4.504 seconds
Domain Reload Profiling:
	ReloadAssembly (794ms)
		BeginReloadAssembly (449ms)
			ExecutionOrderSort (0ms)
			DisableScriptedObjects (17ms)
			BackupInstance (0ms)
			ReleaseScriptingObjects (0ms)
			CreateAndSetChildDomain (52ms)
		LoadAllAssembliesAndSetupDomain (2714ms)
			LoadAssemblies (231ms)
			RebuildTransferFunctionScriptingTraits (0ms)
			SetupTypeCache (2624ms)
				TypeCache.Initialize (1393ms)
					TypeCache.ScanAssembly (1382ms)
				ResolveRequiredComponents (73ms)
		FinalizeReload (0ms)
			ReleaseScriptCaches (0ms)
			RebuildScriptCaches (0ms)
			SetupLoadedEditorAssemblies (3089ms)
				LogAssemblyErrors (0ms)
				InitializePlatformSupportModulesInManaged (705ms)
				SetLoadedEditorAssemblies (126ms)
				RefreshPlugins (0ms)
				BeforeProcessingInitializeOnLoad (1017ms)
				ProcessInitializeOnLoadAttributes (1102ms)
				ProcessInitializeOnLoadMethodAttributes (103ms)
				AfterProcessingInitializeOnLoad (36ms)
				EditorAssembliesLoaded (0ms)
			ExecutionOrderSort2 (0ms)
			AwakeInstancesAfterBackupRestoration (18ms)
Shader 'Custom/AdditiveTintable': fallback shader 'Particles/Additive (Soft)' not found
Launched and connected shader compiler UnityShaderCompiler.exe after 1.21 seconds
Refreshing native plugins compatible for Editor in 7.39 ms, found 3 plugins.
Preloading 0 native plugins for Editor in 0.00 ms.
Unloading 3442 Unused Serialized files (Serialized files now loaded: 0)
Unloading 26 unused Assets / (68.1 KB). Loaded Objects now: 3910.
Memory consumption went from 0.52 GB to 0.52 GB.
Total: 8.555400 ms (FindLiveObjects: 1.080600 ms CreateObjectMapping: 0.493600 ms MarkObjects: 6.792100 ms  DeleteObjects: 0.187000 ms)

AssetImportParameters requested are different than current active one (requested -> active):
  custom:container-demuxer-ogg: 62fdf1f143b41e24485cea50d1cbac27 -> 
  custom:video-decoder-ogg-theora: a1e56fd34408186e4bbccfd4996cb3dc -> 
  custom:framework-win-MediaFoundation: 216162199b28c13a410421893ffa2e32 -> 
  custom:container-demuxer-webm: 4f35f7cbe854078d1ac9338744f61a02 -> 
  custom:container-muxer-webm: aa71ff27fc2769a1b78a27578f13a17b -> 
  custom:video-decoder-webm-vp8: 9c59270c3fd7afecdb556c50c9e8de78 -> 
  custom:AudioImporter_EditorPlatform: d09bf68614088b80899f8185d706f6e7 -> 
  custom:video-encoder-webm-vp8: eb34c28f22e8b96e1ab97ce403110664 -> 
  custom:audio-decoder-ogg-vorbis: bf7c407c2cedff20999df2af8eb42d56 -> 
  custom:audio-encoder-webm-vorbis: bf7c407c2cedff20999df2af8eb42d56 -> 
========================================================================
Received Import Request.
  Time since last request: 179645.736059 seconds.
  path: Assets/_Scripts/EnemyDragon.cs
  artifactKey: Guid(b6a3910917b5df34094e8e195311c5e8) Importer(815301076,1909f56bfc062723c751e8b465ee728b)
Number of updated assets reloaded before import = 0
Start importing Assets/_Scripts/EnemyDragon.cs using Guid(b6a3910917b5df34094e8e195311c5e8) Importer(815301076,1909f56bfc062723c751e8b465ee728b)  -> (artifact id: 'b888da4708ad7eda7425a49633ee85f9') in 0.098911 seconds 
Number of asset objects unloaded after import = 0
========================================================================
Received Import Request.
  Time since last request: 0.000083 seconds.
  path: Assets/_Scripts/DragonPicker.cs
  artifactKey: Guid(5455630531c1ee44cb2cc7d8d751f414) Importer(815301076,1909f56bfc062723c751e8b465ee728b)
Number of updated assets reloaded before import = 0
Start importing Assets/_Scripts/DragonPicker.cs using Guid(5455630531c1ee44cb2cc7d8d751f414) Importer(815301076,1909f56bfc062723c751e8b465ee728b)  -> (artifact id: '846641496348cdbce6ab5001152b8d91') in 0.015398 seconds 
Number of asset objects unloaded after import = 0
========================================================================
Received Import Request.
  Time since last request: 566.976488 seconds.
  path: Assets/_Prefabs/DragonEgg.prefab
  artifactKey: Guid(cf6b3a9a531edf64e9edbe79267c4bd9) Importer(815301076,1909f56bfc062723c751e8b465ee728b)
Number of updated assets reloaded before import = 0
Start importing Assets/_Prefabs/DragonEgg.prefab using Guid(cf6b3a9a531edf64e9edbe79267c4bd9) Importer(815301076,1909f56bfc062723c751e8b465ee728b)  -> (artifact id: '1971902003ba22c92984c463637da25b') in 0.547259 seconds 
Number of asset objects unloaded after import = 16
========================================================================
Received Import Request.
  Time since last request: 12.573061 seconds.
  path: Assets/_Scripts/EnergyShield.cs
  artifactKey: Guid(5e1c9b65b24d3fc41aac6443f4b9a40c) Importer(815301076,1909f56bfc062723c751e8b465ee728b)
Number of updated assets reloaded before import = 0
Start importing Assets/_Scripts/EnergyShield.cs using Guid(5e1c9b65b24d3fc41aac6443f4b9a40c) Importer(815301076,1909f56bfc062723c751e8b465ee728b)  -> (artifact id: 'c8e2ead16f598c482386888e0edfd0ea') in 0.014322 seconds 
Number of asset objects unloaded after import = 0
========================================================================
Received Import Request.
  Time since last request: 70.254380 seconds.
  path: Assets/_Scripts/Pause.cs
  artifactKey: Guid(58e64e1580cf677408cecce26b8c4ac6) Importer(815301076,1909f56bfc062723c751e8b465ee728b)
Number of updated assets reloaded before import = 0
Start importing Assets/_Scripts/Pause.cs using Guid(58e64e1580cf677408cecce26b8c4ac6) Importer(815301076,1909f56bfc062723c751e8b465ee728b)  -> (artifact id: '52e7b30bbf3c79991d60d666f9d7cdae') in 0.014924 seconds 
Number of asset objects unloaded after import = 0
========================================================================
Received Import Request.
  Time since last request: 4446.992966 seconds.
  path: Assets/_Scenes/_0Scene.unity
  artifactKey: Guid(bfb2a19d569214142ba7534fa5b7d78e) Importer(815301076,1909f56bfc062723c751e8b465ee728b)
Number of updated assets reloaded before import = 0
Start importing Assets/_Scenes/_0Scene.unity using Guid(bfb2a19d569214142ba7534fa5b7d78e) Importer(815301076,1909f56bfc062723c751e8b465ee728b)  -> (artifact id: '353f90bc508897063876b8b08fb68cc9') in 0.026885 seconds 
Number of asset objects unloaded after import = 0
========================================================================
Received Import Request.
  Time since last request: 539.221817 seconds.
  path: Assets/_Scripts/MainMenu.cs
  artifactKey: Guid(66e2aff0fb37d5e4c8cbac005b20525c) Importer(815301076,1909f56bfc062723c751e8b465ee728b)
Number of updated assets reloaded before import = 0
Start importing Assets/_Scripts/MainMenu.cs using Guid(66e2aff0fb37d5e4c8cbac005b20525c) Importer(815301076,1909f56bfc062723c751e8b465ee728b)  -> (artifact id: '9d938ecb7caa0caf8a237562f13845ac') in 0.017531 seconds 
Number of asset objects unloaded after import = 0
